<?xml version="1.0" encoding="UTF-8"?>
<!-- Generated by org.testng.reporters.JUnitReportReporter -->
<testsuite skipped="0" hostname="magdalenas-macbook-pro.home" name="dcgSelenium.Tests.T_007" tests="1" failures="0" timestamp="01 Aug 2018 07:39:50 GMT" time="12.920" errors="0">
  <testcase name="addExperience" time="12.920" classname="dcgSelenium.Tests.T_007"/>
</testsuite> <!-- dcgSelenium.Tests.T_007 -->
