<?xml version="1.0" encoding="UTF-8"?>
<!-- Generated by org.testng.reporters.JUnitReportReporter -->
<testsuite skipped="0" hostname="magdalenas-macbook-pro.home" name="dcgSelenium.Tests.RegisterTest" tests="1" failures="0" timestamp="27 Jul 2018 12:46:19 GMT" time="6.347" errors="0">
  <testcase name="registerUser" time="6.347" classname="dcgSelenium.Tests.RegisterTest"/>
</testsuite> <!-- dcgSelenium.Tests.RegisterTest -->
