<?xml version="1.0" encoding="UTF-8"?>
<!-- Generated by org.testng.reporters.JUnitReportReporter -->
<testsuite skipped="0" hostname="magdalenas-macbook-pro.home" name="dcgSelenium.Tests.LogoutTest" tests="1" failures="0" timestamp="27 Jul 2018 13:23:08 GMT" time="7.578" errors="0">
  <testcase name="logOut" time="7.578" classname="dcgSelenium.Tests.LogoutTest"/>
</testsuite> <!-- dcgSelenium.Tests.LogoutTest -->
