<?xml version="1.0" encoding="UTF-8"?>
<!-- Generated by org.testng.reporters.JUnitReportReporter -->
<testsuite skipped="0" hostname="magdalenas-macbook-pro.home" name="dcgSelenium.Tests.T_001" tests="1" failures="0" timestamp="27 Jul 2018 13:30:54 GMT" time="1.254" errors="0">
  <testcase name="loginCorrect" time="1.254" classname="dcgSelenium.Tests.T_001"/>
</testsuite> <!-- dcgSelenium.Tests.T_001 -->
