<?xml version="1.0" encoding="UTF-8"?>
<!-- Generated by org.testng.reporters.JUnitReportReporter -->
<testsuite skipped="0" hostname="magdalenas-macbook-pro.home" name="dcgSelenium.Tests.LoginTest" tests="1" failures="0" timestamp="27 Jul 2018 12:46:28 GMT" time="1.262" errors="0">
  <testcase name="loginCorrect" time="1.262" classname="dcgSelenium.Tests.LoginTest"/>
</testsuite> <!-- dcgSelenium.Tests.LoginTest -->
